TN:
SF:src/util/bearing.ts
FN:21,degreesToNamedBearing
FN:44,flatEarthBearingRadians
FN:62,flatEarthBearingDegreesHeading
FN:71,flatEarthNamedBearing
FNF:4
FNH:4
FNDA:2,degreesToNamedBearing
FNDA:4,flatEarthBearingRadians
FNDA:4,flatEarthBearingDegreesHeading
FNDA:2,flatEarthNamedBearing
DA:1,1
DA:2,1
DA:3,1
DA:4,1
DA:5,1
DA:6,1
DA:7,1
DA:8,1
DA:9,1
DA:10,1
DA:11,1
DA:12,1
DA:13,1
DA:14,1
DA:15,1
DA:16,1
DA:17,1
DA:18,1
DA:19,1
DA:20,1
DA:21,1
DA:22,2
DA:23,2
DA:24,0
DA:25,2
DA:26,0
DA:27,2
DA:28,0
DA:29,2
DA:30,0
DA:31,2
DA:32,0
DA:33,2
DA:34,1
DA:35,2
DA:36,0
DA:37,2
DA:38,1
DA:39,2
DA:40,0
DA:41,2
DA:42,2
DA:43,1
DA:44,1
DA:45,4
DA:46,4
DA:47,4
DA:48,4
DA:49,4
DA:50,4
DA:51,4
DA:52,4
DA:53,4
DA:54,4
DA:55,4
DA:56,4
DA:57,4
DA:58,4
DA:59,4
DA:60,4
DA:61,1
DA:62,1
DA:63,4
DA:64,4
DA:65,4
DA:66,4
DA:67,4
DA:68,4
DA:69,4
DA:70,1
DA:71,1
DA:72,2
DA:73,2
DA:74,2
LF:74
LH:67
BRDA:21,0,0,2
BRDA:23,1,0,0
BRDA:23,2,0,2
BRDA:25,3,0,0
BRDA:25,4,0,2
BRDA:27,5,0,0
BRDA:27,6,0,2
BRDA:29,7,0,0
BRDA:29,8,0,2
BRDA:31,9,0,0
BRDA:31,10,0,2
BRDA:33,11,0,1
BRDA:33,12,0,2
BRDA:35,13,0,0
BRDA:35,14,0,1
BRDA:37,15,0,1
BRDA:39,16,0,0
BRDA:44,17,0,4
BRDA:62,18,0,4
BRDA:67,19,0,2
BRDA:68,20,0,2
BRDA:71,21,0,2
BRF:22
BRH:15
end_of_record
TN:
SF:src/util/distance.ts
FN:29,flatEarthDistance
FNF:1
FNH:1
FNDA:1,flatEarthDistance
DA:1,1
DA:2,1
DA:3,1
DA:4,1
DA:5,1
DA:6,1
DA:7,1
DA:8,1
DA:9,1
DA:10,1
DA:11,1
DA:12,1
DA:13,1
DA:14,1
DA:15,1
DA:16,1
DA:17,1
DA:18,1
DA:19,1
DA:20,1
DA:21,1
DA:22,1
DA:23,1
DA:24,1
DA:25,1
DA:26,1
DA:27,1
DA:28,1
DA:29,1
DA:30,1
DA:31,1
DA:32,1
DA:33,1
DA:34,1
DA:35,1
DA:36,1
DA:37,1
DA:38,1
DA:39,1
DA:40,1
DA:41,1
LF:41
LH:41
BRDA:29,0,0,1
BRF:1
BRH:1
end_of_record
TN:
SF:src/util/earth_mean_radius.ts
FNF:0
FNH:0
DA:1,1
DA:2,1
LF:2
LH:2
BRF:0
BRH:0
end_of_record
TN:
SF:src/util/trig.ts
FN:6,toRadians
FN:8,pairToRadians
FN:10,toDegrees
FNF:3
FNH:3
FNDA:20,toRadians
FNDA:10,pairToRadians
FNDA:4,toDegrees
DA:1,1
DA:2,1
DA:3,1
DA:4,1
DA:5,1
DA:6,1
DA:7,1
DA:8,1
DA:9,1
DA:10,1
LF:10
LH:10
BRDA:6,0,0,20
BRDA:8,1,0,10
BRDA:10,2,0,4
BRF:3
BRH:3
end_of_record
